\BOOKMARK [0][-]{chapter.1}{\376\377\000S\000p\000y\000I\000c\000e}{}% 1
\BOOKMARK [1][-]{section.1.1}{\376\377\000I\000n\000t\000r\000o\000d\000u\000c\000t\000i\000o\000n}{chapter.1}% 2
\BOOKMARK [1][-]{section.1.2}{\376\377\000P\000r\000o\000b\000l\000e\000m\000\040\000S\000t\000a\000t\000e\000m\000e\000n\000t}{chapter.1}% 3
\BOOKMARK [1][-]{section.1.3}{\376\377\000I\000m\000p\000l\000e\000m\000e\000n\000t\000a\000t\000i\000o\000n}{chapter.1}% 4
\BOOKMARK [0][-]{chapter.2}{\376\377\000Q\000u\000i\000c\000k\000s\000t\000a\000r\000t}{}% 5
\BOOKMARK [1][-]{section.2.1}{\376\377\000I\000n\000s\000t\000a\000l\000l\000a\000t\000i\000o\000n\000\040\000G\000u\000i\000d\000e}{chapter.2}% 6
\BOOKMARK [2][-]{subsection.2.1.1}{\376\377\000P\000r\000e\000r\000e\000q\000u\000i\000s\000i\000t\000e\000s}{section.2.1}% 7
\BOOKMARK [2][-]{subsection.2.1.2}{\376\377\000I\000n\000s\000t\000a\000l\000l\000a\000t\000i\000o\000n\000\040\000S\000t\000e\000p\000s}{section.2.1}% 8
\BOOKMARK [2][-]{subsection.2.1.3}{\376\377\000V\000i\000e\000w\000i\000n\000g\000\040\000t\000h\000e\000\040\000d\000o\000c\000u\000m\000e\000n\000t\000a\000t\000i\000o\000n}{section.2.1}% 9
\BOOKMARK [0][-]{chapter.3}{\376\377\000S\000p\000y\000I\000c\000e}{}% 10
\BOOKMARK [1][-]{section.3.1}{\376\377\000s\000p\000y\000i\000c\000e\000\040\000p\000a\000c\000k\000a\000g\000e}{chapter.3}% 11
\BOOKMARK [2][-]{subsection.3.1.1}{\376\377\000S\000u\000b\000p\000a\000c\000k\000a\000g\000e\000s}{section.3.1}% 12
\BOOKMARK [3][-]{subsubsection*.3}{\376\377\000s\000p\000y\000i\000c\000e\000.\000m\000o\000d\000e\000l\000s\000\040\000p\000a\000c\000k\000a\000g\000e}{subsection.3.1.1}% 13
\BOOKMARK [4][-]{paragraph*.4}{\376\377\000S\000u\000b\000m\000o\000d\000u\000l\000e\000s}{subsubsection*.3}% 14
\BOOKMARK [5][-]{subparagraph*.5}{\376\377\000s\000r\000c\000.\000s\000p\000y\000i\000c\000e\000.\000m\000o\000d\000e\000l\000s\000.\000a\000d\000v\000e\000c\000t\000i\000o\000n\000\137\000d\000i\000f\000f\000u\000s\000i\000o\000n}{paragraph*.4}% 15
\BOOKMARK [5][-]{subparagraph*.19}{\376\377\000s\000r\000c\000.\000s\000p\000y\000i\000c\000e\000.\000m\000o\000d\000e\000l\000s\000.\000s\000e\000a\000\137\000i\000c\000e\000\137\000m\000o\000d\000e\000l}{paragraph*.4}% 16
\BOOKMARK [5][-]{subparagraph*.41}{\376\377\000s\000r\000c\000.\000s\000p\000y\000i\000c\000e\000.\000m\000o\000d\000e\000l\000s\000.\000s\000t\000e\000f\000a\000n\000\137\000p\000r\000o\000b\000l\000e\000m}{paragraph*.4}% 17
\BOOKMARK [4][-]{paragraph*.47}{\376\377\000M\000o\000d\000u\000l\000e\000\040\000c\000o\000n\000t\000e\000n\000t\000s}{subsubsection*.3}% 18
\BOOKMARK [3][-]{subsubsection*.48}{\376\377\000s\000p\000y\000i\000c\000e\000.\000p\000a\000r\000a\000m\000e\000t\000e\000r\000s\000\040\000p\000a\000c\000k\000a\000g\000e}{subsection.3.1.1}% 19
\BOOKMARK [4][-]{paragraph*.49}{\376\377\000S\000u\000b\000m\000o\000d\000u\000l\000e\000s}{subsubsection*.48}% 20
\BOOKMARK [5][-]{subparagraph*.50}{\376\377\000s\000r\000c\000.\000s\000p\000y\000i\000c\000e\000.\000p\000a\000r\000a\000m\000e\000t\000e\000r\000s\000.\000c\000o\000n\000s\000t\000a\000n\000t\000s}{paragraph*.49}% 21
\BOOKMARK [5][-]{subparagraph*.54}{\376\377\000s\000r\000c\000.\000s\000p\000y\000i\000c\000e\000.\000p\000a\000r\000a\000m\000e\000t\000e\000r\000s\000.\000d\000e\000b\000u\000g\000\137\000c\000o\000n\000s\000t\000a\000n\000t\000s}{paragraph*.49}% 22
\BOOKMARK [5][-]{subparagraph*.81}{\376\377\000s\000r\000c\000.\000s\000p\000y\000i\000c\000e\000.\000p\000a\000r\000a\000m\000e\000t\000e\000r\000s\000.\000r\000e\000a\000l\000\137\000c\000o\000n\000s\000t\000a\000n\000t\000s}{paragraph*.49}% 23
\BOOKMARK [5][-]{subparagraph*.110}{\376\377\000s\000r\000c\000.\000s\000p\000y\000i\000c\000e\000.\000p\000a\000r\000a\000m\000e\000t\000e\000r\000s\000.\000r\000e\000s\000u\000l\000t\000s\000\137\000p\000a\000r\000a\000m\000s}{paragraph*.49}% 24
\BOOKMARK [5][-]{subparagraph*.115}{\376\377\000s\000r\000c\000.\000s\000p\000y\000i\000c\000e\000.\000p\000a\000r\000a\000m\000e\000t\000e\000r\000s\000.\000u\000s\000e\000r\000\137\000i\000n\000p\000u\000t}{paragraph*.49}% 25
\BOOKMARK [4][-]{paragraph*.148}{\376\377\000M\000o\000d\000u\000l\000e\000\040\000c\000o\000n\000t\000e\000n\000t\000s}{subsubsection*.48}% 26
\BOOKMARK [3][-]{subsubsection*.149}{\376\377\000s\000p\000y\000i\000c\000e\000.\000p\000o\000s\000t\000p\000r\000o\000c\000e\000s\000s\000\040\000p\000a\000c\000k\000a\000g\000e}{subsection.3.1.1}% 27
\BOOKMARK [4][-]{paragraph*.150}{\376\377\000S\000u\000b\000m\000o\000d\000u\000l\000e\000s}{subsubsection*.149}% 28
\BOOKMARK [5][-]{subparagraph*.151}{\376\377\000s\000r\000c\000.\000s\000p\000y\000i\000c\000e\000.\000p\000o\000s\000t\000p\000r\000o\000c\000e\000s\000s\000.\000a\000n\000a\000l\000y\000s\000i\000s}{paragraph*.150}% 29
\BOOKMARK [5][-]{subparagraph*.164}{\376\377\000s\000r\000c\000.\000s\000p\000y\000i\000c\000e\000.\000p\000o\000s\000t\000p\000r\000o\000c\000e\000s\000s\000.\000v\000i\000s\000u\000a\000l\000i\000s\000e\000\137\000m\000o\000d\000e\000l}{paragraph*.150}% 30
\BOOKMARK [4][-]{paragraph*.183}{\376\377\000M\000o\000d\000u\000l\000e\000\040\000c\000o\000n\000t\000e\000n\000t\000s}{subsubsection*.149}% 31
\BOOKMARK [3][-]{subsubsection*.184}{\376\377\000s\000p\000y\000i\000c\000e\000.\000p\000r\000e\000p\000r\000o\000c\000e\000s\000s\000\040\000p\000a\000c\000k\000a\000g\000e}{subsection.3.1.1}% 32
\BOOKMARK [4][-]{paragraph*.185}{\376\377\000S\000u\000b\000m\000o\000d\000u\000l\000e\000s}{subsubsection*.184}% 33
\BOOKMARK [5][-]{subparagraph*.186}{\376\377\000s\000r\000c\000.\000s\000p\000y\000i\000c\000e\000.\000p\000r\000e\000p\000r\000o\000c\000e\000s\000s\000.\000g\000e\000o\000m\000e\000t\000r\000y\000\137\000s\000e\000t\000t\000i\000n\000g\000s}{paragraph*.185}% 34
\BOOKMARK [5][-]{subparagraph*.189}{\376\377\000s\000r\000c\000.\000s\000p\000y\000i\000c\000e\000.\000p\000r\000e\000p\000r\000o\000c\000e\000s\000s\000.\000i\000n\000i\000t\000i\000a\000l\000\137\000b\000o\000u\000n\000d\000a\000r\000y\000\137\000c\000o\000n\000d\000i\000t\000i\000o\000n\000s}{paragraph*.185}% 35
\BOOKMARK [5][-]{subparagraph*.203}{\376\377\000s\000r\000c\000.\000s\000p\000y\000i\000c\000e\000.\000p\000r\000e\000p\000r\000o\000c\000e\000s\000s\000.\000m\000o\000d\000i\000f\000y\000\137\000i\000n\000i\000t\000i\000a\000l\000\137\000b\000o\000u\000n\000d\000a\000r\000y}{paragraph*.185}% 36
\BOOKMARK [5][-]{subparagraph*.208}{\376\377\000s\000r\000c\000.\000s\000p\000y\000i\000c\000e\000.\000p\000r\000e\000p\000r\000o\000c\000e\000s\000s\000.\000p\000r\000e\000\137\000p\000r\000o\000c\000e\000s\000s}{paragraph*.185}% 37
\BOOKMARK [5][-]{subparagraph*.220}{\376\377\000s\000r\000c\000.\000s\000p\000y\000i\000c\000e\000.\000p\000r\000e\000p\000r\000o\000c\000e\000s\000s\000.\000s\000t\000o\000r\000e}{paragraph*.185}% 38
\BOOKMARK [4][-]{paragraph*.221}{\376\377\000M\000o\000d\000u\000l\000e\000\040\000c\000o\000n\000t\000e\000n\000t\000s}{subsubsection*.184}% 39
\BOOKMARK [3][-]{subsubsection*.222}{\376\377\000s\000p\000y\000i\000c\000e\000.\000u\000t\000i\000l\000s\000\040\000p\000a\000c\000k\000a\000g\000e}{subsection.3.1.1}% 40
\BOOKMARK [4][-]{paragraph*.223}{\376\377\000S\000u\000b\000m\000o\000d\000u\000l\000e\000s}{subsubsection*.222}% 41
\BOOKMARK [5][-]{subparagraph*.224}{\376\377\000s\000r\000c\000.\000s\000p\000y\000i\000c\000e\000.\000u\000t\000i\000l\000s\000.\000c\000o\000n\000f\000i\000g\000\137\000s\000o\000r\000t}{paragraph*.223}% 42
\BOOKMARK [5][-]{subparagraph*.238}{\376\377\000s\000r\000c\000.\000s\000p\000y\000i\000c\000e\000.\000u\000t\000i\000l\000s\000.\000e\000r\000r\000o\000r\000\137\000n\000o\000r\000m\000s}{paragraph*.223}% 43
\BOOKMARK [5][-]{subparagraph*.245}{\376\377\000s\000r\000c\000.\000s\000p\000y\000i\000c\000e\000.\000u\000t\000i\000l\000s\000.\000h\000e\000l\000p\000e\000r\000s}{paragraph*.223}% 44
\BOOKMARK [5][-]{subparagraph*.249}{\376\377\000s\000r\000c\000.\000s\000p\000y\000i\000c\000e\000.\000u\000t\000i\000l\000s\000.\000s\000p\000y\000i\000c\000e\000\137\000e\000x\000c\000e\000p\000t\000i\000o\000n\000s\000\040\000m\000o\000d\000u\000l\000e}{paragraph*.223}% 45
\BOOKMARK [5][-]{subparagraph*.253}{\376\377\000s\000r\000c\000.\000s\000p\000y\000i\000c\000e\000.\000u\000t\000i\000l\000s\000.\000s\000p\000y\000i\000c\000e\000\137\000l\000o\000g\000g\000e\000r}{paragraph*.223}% 46
\BOOKMARK [4][-]{paragraph*.258}{\376\377\000M\000o\000d\000u\000l\000e\000\040\000c\000o\000n\000t\000e\000n\000t\000s}{subsubsection*.222}% 47
\BOOKMARK [2][-]{subsection.3.1.2}{\376\377\000S\000u\000b\000m\000o\000d\000u\000l\000e\000s}{section.3.1}% 48
\BOOKMARK [3][-]{subsubsection*.259}{\376\377\000s\000r\000c\000.\000s\000p\000y\000i\000c\000e\000.\000c\000o\000e\000f\000f\000i\000c\000i\000e\000n\000t\000s}{subsection.3.1.2}% 49
\BOOKMARK [3][-]{subsubsection*.261}{\376\377\000s\000r\000c\000.\000s\000p\000y\000i\000c\000e\000.\000m\000a\000i\000n\000\137\000p\000r\000o\000c\000e\000s\000s}{subsection.3.1.2}% 50
\BOOKMARK [3][-]{subsubsection*.266}{\376\377\000s\000r\000c\000.\000s\000p\000y\000i\000c\000e\000.\000r\000h\000s}{subsection.3.1.2}% 51
\BOOKMARK [3][-]{subsubsection*.269}{\376\377\000s\000r\000c\000.\000s\000p\000y\000i\000c\000e\000.\000s\000t\000a\000t\000e\000v\000a\000r\000i\000a\000b\000l\000e\000s}{subsection.3.1.2}% 52
\BOOKMARK [4][-]{paragraph*.276}{\376\377\000R\000e\000t\000u\000r\000n\000s\000:}{subsubsection*.269}% 53
\BOOKMARK [3][-]{subsubsection*.277}{\376\377\000s\000r\000c\000.\000s\000p\000y\000i\000c\000e\000.\000u\000p\000d\000a\000t\000e\000\137\000p\000h\000y\000s\000i\000c\000a\000l\000\137\000v\000a\000l\000u\000e\000s}{subsection.3.1.2}% 54
\BOOKMARK [2][-]{subsection.3.1.3}{\376\377\000M\000o\000d\000u\000l\000e\000\040\000c\000o\000n\000t\000e\000n\000t\000s}{section.3.1}% 55
\BOOKMARK [0][-]{chapter.4}{\376\377\000I\000n\000d\000i\000c\000e\000s\000\040\000a\000n\000d\000\040\000t\000a\000b\000l\000e\000s}{}% 56
\BOOKMARK [0][-]{section*.294}{\376\377\000P\000y\000t\000h\000o\000n\000\040\000M\000o\000d\000u\000l\000e\000\040\000I\000n\000d\000e\000x}{}% 57
