2024-09-22 14:36:31,027 - __main__ - WARNING - Warning level message
2024-09-22 14:36:31,028 - __main__ - INFO - Preprocessing...
2024-09-22 14:36:31,029 - __main__ - INFO - User Configuration Data Setup Complete...
2024-09-22 14:36:31,029 - __main__ - INFO - Geometry Data Setup Complete...
2024-09-22 14:36:31,030 - __main__ - INFO - Results Data Setup Complete...
2024-09-22 14:36:31,030 - __main__ - INFO - Time step set to: 47.0s
2024-09-22 14:36:31,030 - __main__ - INFO - Applied Initial & Boundary Conditions...
2024-09-22 14:36:31,031 - __main__ - INFO - Preprocessing done.
2024-09-22 14:36:31,031 - __main__ - INFO - Running model...
2024-09-22 14:36:39,862 - __main__ - INFO - Model run complete and Ready for Analysis.
2024-09-22 14:36:39,862 - __main__ - INFO - Running error analysis...
2024-09-22 14:36:39,862 - __main__ - INFO - Calculating errors...
2024-09-22 14:36:39,903 - __main__ - INFO - Postprocessing...
2024-09-22 14:36:39,903 - __main__ - INFO - Visualisation object created...
2024-09-22 14:36:39,903 - __main__ - INFO - Plotting Heatmap Depth over time...
2024-09-22 14:36:51,101 - __main__ - INFO - Plotting Temperature heatmap...
2024-09-22 14:36:52,374 - matplotlib.animation - INFO - Animation.save using <class 'matplotlib.animation.ImageMagickWriter'>
2024-09-22 14:36:52,374 - matplotlib.animation - INFO - Disabling savefig.bbox = 'tight', as it may cause frame size to vary, which is inappropriate for animation.
2024-09-22 14:36:52,390 - matplotlib.animation - INFO - figure size in inches has been adjusted from 5.93 x 3.67 to 5.916666666666667 x 3.6666666666666665
2024-09-22 14:36:52,391 - matplotlib.animation - INFO - MovieWriter._run: running command: 'C:\Program Files\ImageMagick-7.1.1-Q16-HDRI\magick.exe' -size 710x440 -depth 8 -delay 10.0 -loop 0 rgba:- -layers OptimizePlus 'C:\Users\sneha\Documents\MBDHiWi\MBDHiwi\spyicedir\spyicedir\outputs\2024-09-22\143631_real_47.0_1000\Temperature_S34_Dirichlet_0.01_47.0_1000_const_dens-mushfix/test_new.gif'
2024-09-22 14:37:23,301 - __main__ - INFO - Postprocessing done.
